<?xml version="1.0" encoding="UTF-8"?>
<!-- Generated by org.testng.reporters.JUnitReportReporter -->
<testsuite skipped="0" hostname="JAYALAKSHMI" name="Runner.Testrunner" tests="1" failures="0" timestamp="2022-08-11T15:27:43 IST" time="20.553" errors="0">
  <testcase name="runScenario" time="20.553" classname="Runner.Testrunner"/>
  <system-out/>
</testsuite> <!-- Runner.Testrunner -->
